1	6	W6	503462-503762
2	5	W5	503782-504082
3	7	W7	504092-504392
4	6	W6	504402-504710
5	5	W5	504714-505014
6	7	W7	505016-505322
7	6	W6	505324-505632
8	5	W5	505644-505952
9	7	W7	505954-506262
10	8	W8	506264-506572
11	8	R4	506574-506782
12	8	R3	506574-506782
13	8	R2	506574-506782
14	8	R1	506574-506782
15	8	R1	507112-507312
16	8	W8	507323-507623
17	8	R1	507632-507833
18	8	R3	507633-507833
19	8	R2	507633-507833
20	8	R4	507632-507833
21	8	W8	508183-508483
22	8	R4	508512-508722
23	8	R2	508512-508722
24	8	R3	508512-508722
